2025-02-05 00:56:09,399 INFO Scheduled job 'process_urls' started.
2025-02-05 00:56:09,481 INFO 100 URLs loaded from urls.csv
2025-02-05 00:56:13,132 INFO Total URLs to process: 100
2025-02-05 00:56:32,148 INFO URL 'https://sellercentral.amazon.co.uk/snowdash?mons_sel_dir_mcid=amzn1.merchant.d.AAML7PPEI6MEJQR66MGFOQJUGTJQ&mons_sel_mkid=AM7DNVYQULIQ5&mons_sel_dir_paid=amzn1.pa.d.ABZIJNDLIGG77H7LONBAGLVNWDLA&ignore_selection_changed=true' succeeded after 5 retry attempt(s).
2025-02-05 00:56:34,104 ERROR Max retries reached for https://sellercentral.amazon.co.uk/snowdash?ref_=mp_home_logo_xx&cor=mmp_EU&mons_sel_dir_mcid=amzn1.merchant.d.YBDHD44MOT5SVD5AP6ZUWYDHRE&mons_sel_mkid=AM7DNVYQULIQ5. Reason: Critical fields missing in data.
2025-02-05 00:56:37,968 INFO URL 'https://sellercentral.amazon.co.uk/snowdash?mons_sel_dir_mcid=amzn1.merchant.d.AD4CERWI2IUJTMRNRLOAD3USI4SQ&mons_sel_mkid=A1F83G8C2ARO7P&mons_sel_dir_paid=amzn1.pa.d.AC5EOOKFFOWRMJZSJS6WK7AAZXLQ&ignore_selection_changed=true' succeeded after 5 retry attempt(s).
2025-02-05 00:56:40,931 WARNING Attempt 1 - Timeout waiting for //*[@id="content"]/div/div[2]/div[2]/kat-tabs/kat-tab[1]/div/div[2]/kat-table/kat-table-body/kat-table-row[1]/kat-table-cell[2]: Page.wait_for_selector: Timeout 15000ms exceeded.
Call log:
  - waiting for locator("//*[@id=\"content\"]/div/div[2]/div[2]/kat-tabs/kat-tab[1]/div/div[2]/kat-table/kat-table-body/kat-table-row[1]/kat-table-cell[2]") to be visible

2025-02-05 00:56:40,988 INFO Retrying in 0.38s (Attempt 1/3)
2025-02-05 00:56:40,993 WARNING Attempt 1 - Timeout waiting for //*[@id="content"]/div/div[2]/div[2]/kat-tabs/kat-tab[1]/div/div[2]/kat-table/kat-table-body/kat-table-row[1]/kat-table-cell[2]: Page.wait_for_selector: Timeout 15000ms exceeded.
Call log:
  - waiting for locator("//*[@id=\"content\"]/div/div[2]/div[2]/kat-tabs/kat-tab[1]/div/div[2]/kat-table/kat-table-body/kat-table-row[1]/kat-table-cell[2]") to be visible

2025-02-05 00:56:40,996 INFO Retrying in 0.20s (Attempt 1/3)
2025-02-05 00:56:40,997 WARNING Attempt 1 - Timeout waiting for //*[@id="content"]/div/div[2]/div[2]/kat-tabs/kat-tab[1]/div/div[2]/kat-table/kat-table-body/kat-table-row[1]/kat-table-cell[2]: Page.wait_for_selector: Timeout 15000ms exceeded.
Call log:
  - waiting for locator("//*[@id=\"content\"]/div/div[2]/div[2]/kat-tabs/kat-tab[1]/div/div[2]/kat-table/kat-table-body/kat-table-row[1]/kat-table-cell[2]") to be visible

2025-02-05 00:56:40,999 INFO Retrying in 0.48s (Attempt 1/3)
2025-02-05 00:56:41,001 WARNING Attempt 1 - Timeout waiting for //*[@id="content"]/div/div[2]/div[2]/kat-tabs/kat-tab[1]/div/div[2]/kat-table/kat-table-body/kat-table-row[1]/kat-table-cell[2]: Page.wait_for_selector: Timeout 15000ms exceeded.
Call log:
  - waiting for locator("//*[@id=\"content\"]/div/div[2]/div[2]/kat-tabs/kat-tab[1]/div/div[2]/kat-table/kat-table-body/kat-table-row[1]/kat-table-cell[2]") to be visible

2025-02-05 00:56:41,002 INFO Retrying in 0.74s (Attempt 1/3)
2025-02-05 00:56:41,004 WARNING Attempt 1 - Timeout waiting for //*[@id="content"]/div/div[2]/div[2]/kat-tabs/kat-tab[1]/div/div[2]/kat-table/kat-table-body/kat-table-row[1]/kat-table-cell[2]: Page.wait_for_selector: Timeout 15000ms exceeded.
Call log:
  - waiting for locator("//*[@id=\"content\"]/div/div[2]/div[2]/kat-tabs/kat-tab[1]/div/div[2]/kat-table/kat-table-body/kat-table-row[1]/kat-table-cell[2]") to be visible

2025-02-05 00:56:41,006 INFO Retrying in 0.43s (Attempt 1/3)
2025-02-05 00:56:41,009 WARNING Attempt 1 - Timeout waiting for //*[@id="content"]/div/div[2]/div[2]/kat-tabs/kat-tab[1]/div/div[2]/kat-table/kat-table-body/kat-table-row[1]/kat-table-cell[2]: Page.wait_for_selector: Timeout 15000ms exceeded.
Call log:
  - waiting for locator("//*[@id=\"content\"]/div/div[2]/div[2]/kat-tabs/kat-tab[1]/div/div[2]/kat-table/kat-table-body/kat-table-row[1]/kat-table-cell[2]") to be visible

2025-02-05 00:56:41,011 INFO Retrying in 0.56s (Attempt 1/3)
2025-02-05 00:56:41,013 WARNING Attempt 1 - Timeout waiting for //*[@id="content"]/div/div[2]/div[2]/kat-tabs/kat-tab[1]/div/div[2]/kat-table/kat-table-body/kat-table-row[1]/kat-table-cell[2]: Page.wait_for_selector: Timeout 15000ms exceeded.
Call log:
  - waiting for locator("//*[@id=\"content\"]/div/div[2]/div[2]/kat-tabs/kat-tab[1]/div/div[2]/kat-table/kat-table-body/kat-table-row[1]/kat-table-cell[2]") to be visible

2025-02-05 00:56:41,014 INFO Retrying in 0.22s (Attempt 1/3)
2025-02-05 00:56:41,015 WARNING Attempt 1 - Timeout waiting for //*[@id="content"]/div/div[2]/div[2]/kat-tabs/kat-tab[1]/div/div[2]/kat-table/kat-table-body/kat-table-row[1]/kat-table-cell[2]: Page.wait_for_selector: Timeout 15000ms exceeded.
Call log:
  - waiting for locator("//*[@id=\"content\"]/div/div[2]/div[2]/kat-tabs/kat-tab[1]/div/div[2]/kat-table/kat-table-body/kat-table-row[1]/kat-table-cell[2]") to be visible

2025-02-05 00:56:41,017 INFO Retrying in 0.44s (Attempt 1/3)
2025-02-05 00:56:41,018 WARNING Attempt 1 - Timeout waiting for //*[@id="content"]/div/div[2]/div[2]/kat-tabs/kat-tab[1]/div/div[2]/kat-table/kat-table-body/kat-table-row[1]/kat-table-cell[2]: Page.wait_for_selector: Timeout 15000ms exceeded.
Call log:
  - waiting for locator("//*[@id=\"content\"]/div/div[2]/div[2]/kat-tabs/kat-tab[1]/div/div[2]/kat-table/kat-table-body/kat-table-row[1]/kat-table-cell[2]") to be visible

2025-02-05 00:56:41,019 INFO Retrying in 0.99s (Attempt 1/3)
2025-02-05 00:56:41,020 WARNING Attempt 1 - Timeout waiting for //*[@id="content"]/div/div[2]/div[2]/kat-tabs/kat-tab[1]/div/div[2]/kat-table/kat-table-body/kat-table-row[1]/kat-table-cell[2]: Page.wait_for_selector: Timeout 15000ms exceeded.
Call log:
  - waiting for locator("//*[@id=\"content\"]/div/div[2]/div[2]/kat-tabs/kat-tab[1]/div/div[2]/kat-table/kat-table-body/kat-table-row[1]/kat-table-cell[2]") to be visible

2025-02-05 00:56:41,022 INFO Retrying in 0.61s (Attempt 1/3)
2025-02-05 00:56:41,024 WARNING Attempt 1 - Timeout waiting for //*[@id="content"]/div/div[2]/div[2]/kat-tabs/kat-tab[1]/div/div[2]/kat-table/kat-table-body/kat-table-row[1]/kat-table-cell[2]: Page.wait_for_selector: Timeout 15000ms exceeded.
Call log:
  - waiting for locator("//*[@id=\"content\"]/div/div[2]/div[2]/kat-tabs/kat-tab[1]/div/div[2]/kat-table/kat-table-body/kat-table-row[1]/kat-table-cell[2]") to be visible

2025-02-05 00:56:41,025 INFO Retrying in 0.83s (Attempt 1/3)
2025-02-05 00:56:41,953 INFO URL 'https://sellercentral.amazon.co.uk/snowdash?ref_=mp_home_logo_xx&cor=mmp_EU&mons_sel_dir_mcid=amzn1.merchant.d.NV7HF67HVVLGDQLLHNYL2PZUNY&mons_sel_mkid=AM7DNVYQULIQ5' succeeded after 5 retry attempt(s).
2025-02-05 00:56:41,975 INFO URL 'https://sellercentral.amazon.co.uk/snowdash?ref_=mp_home_logo_xx&cor=mmp_EU&mons_sel_dir_mcid=amzn1.merchant.d.Q4M5VKOOUG25TGOYCBXRXGGE4U&mons_sel_mkid=AM7DNVYQULIQ5' succeeded after 5 retry attempt(s).
2025-02-05 00:56:44,552 INFO URL 'https://sellercentral.amazon.co.uk/snowdash?mons_sel_dir_mcid=amzn1.merchant.d.ABLKE5SXSXNSETCL67NBDFGG5BEA&mons_sel_mkid=AM7DNVYQULIQ5&mons_sel_dir_paid=amzn1.pa.d.ADPOA2AAEIT5UOZPM7JKJ52XJWHA&ignore_selection_changed=true' succeeded after 5 retry attempt(s).
2025-02-05 00:56:49,046 INFO URL 'https://sellercentral.amazon.co.uk/snowdash?ref_=mp_home_logo_xx&cor=mmp_EU&mons_sel_dir_mcid=amzn1.merchant.d.SIXAPT6HJ6S3BEZ3AWRARGUCNY&mons_sel_mkid=AM7DNVYQULIQ5' succeeded after 5 retry attempt(s).
2025-02-05 00:56:49,093 INFO URL 'https://sellercentral.amazon.co.uk/snowdash?ref_=mp_home_logo_xx&cor=mmp_EU&mons_sel_dir_mcid=amzn1.merchant.d.GR4HB7EKCFFSI4LRZEF5TNNY7A&mons_sel_mkid=AM7DNVYQULIQ5' succeeded after 5 retry attempt(s).
2025-02-05 00:56:49,917 WARNING Attempt 1 - Timeout waiting for //*[@id="content"]/div/div[2]/div[2]/kat-tabs/kat-tab[1]/div/div[2]/kat-table/kat-table-body/kat-table-row[1]/kat-table-cell[2]: Page.wait_for_selector: Timeout 15000ms exceeded.
Call log:
  - waiting for locator("//*[@id=\"content\"]/div/div[2]/div[2]/kat-tabs/kat-tab[1]/div/div[2]/kat-table/kat-table-body/kat-table-row[1]/kat-table-cell[2]") to be visible

2025-02-05 00:56:49,919 INFO Retrying in 0.32s (Attempt 1/3)
2025-02-05 00:56:50,431 INFO URL 'https://sellercentral.amazon.co.uk/snowdash?mons_sel_dir_mcid=amzn1.merchant.d.AAEES5JFGCLO24FGYQ3NVXN6X5JA&mons_sel_mkid=AM7DNVYQULIQ5&mons_sel_dir_paid=amzn1.pa.d.AA3GQUUPYQ36UNFIMZL3YE5KKGCQ&ignore_selection_changed=true' succeeded after 5 retry attempt(s).
2025-02-05 00:56:55,664 INFO URL 'https://sellercentral.amazon.co.uk/snowdash?ref_=mp_home_logo_xx&cor=mmp_EU&mons_sel_dir_mcid=amzn1.merchant.d.PMPSTY6I7DNDVHT7PKBFHYWZ4M&mons_sel_mkid=AM7DNVYQULIQ5' succeeded after 5 retry attempt(s).
2025-02-05 00:56:56,097 INFO URL 'https://sellercentral.amazon.co.uk/snowdash?ref_=mp_home_logo_xx&cor=mmp_EU&mons_sel_dir_mcid=amzn1.merchant.d.CPLE2GK7TJJ6XVWSPZMFDKRKXA&mons_sel_mkid=AM7DNVYQULIQ5' succeeded after 5 retry attempt(s).
2025-02-05 00:56:56,198 WARNING Attempt 2 - Timeout waiting for //*[@id="content"]/div/div[2]/div[2]/kat-tabs/kat-tab[1]/div/div[2]/kat-table/kat-table-body/kat-table-row[1]/kat-table-cell[2]: Page.wait_for_selector: Timeout 15000ms exceeded.
Call log:
  - waiting for locator("//*[@id=\"content\"]/div/div[2]/div[2]/kat-tabs/kat-tab[1]/div/div[2]/kat-table/kat-table-body/kat-table-row[1]/kat-table-cell[2]") to be visible

2025-02-05 00:56:56,202 INFO Retrying in 1.57s (Attempt 2/3)
2025-02-05 00:56:56,239 WARNING Attempt 2 - Timeout waiting for //*[@id="content"]/div/div[2]/div[2]/kat-tabs/kat-tab[1]/div/div[2]/kat-table/kat-table-body/kat-table-row[1]/kat-table-cell[2]: Page.wait_for_selector: Timeout 15000ms exceeded.
Call log:
  - waiting for locator("//*[@id=\"content\"]/div/div[2]/div[2]/kat-tabs/kat-tab[1]/div/div[2]/kat-table/kat-table-body/kat-table-row[1]/kat-table-cell[2]") to be visible

2025-02-05 00:56:56,241 INFO Retrying in 1.80s (Attempt 2/3)
2025-02-05 00:56:56,378 WARNING Attempt 2 - Timeout waiting for //*[@id="content"]/div/div[2]/div[2]/kat-tabs/kat-tab[1]/div/div[2]/kat-table/kat-table-body/kat-table-row[1]/kat-table-cell[2]: Page.wait_for_selector: Timeout 15000ms exceeded.
Call log:
  - waiting for locator("//*[@id=\"content\"]/div/div[2]/div[2]/kat-tabs/kat-tab[1]/div/div[2]/kat-table/kat-table-body/kat-table-row[1]/kat-table-cell[2]") to be visible

2025-02-05 00:56:56,379 INFO Retrying in 0.80s (Attempt 2/3)
2025-02-05 00:56:56,446 WARNING Attempt 2 - Timeout waiting for //*[@id="content"]/div/div[2]/div[2]/kat-tabs/kat-tab[1]/div/div[2]/kat-table/kat-table-body/kat-table-row[1]/kat-table-cell[2]: Page.wait_for_selector: Timeout 15000ms exceeded.
Call log:
  - waiting for locator("//*[@id=\"content\"]/div/div[2]/div[2]/kat-tabs/kat-tab[1]/div/div[2]/kat-table/kat-table-body/kat-table-row[1]/kat-table-cell[2]") to be visible

2025-02-05 00:56:56,483 INFO Retrying in 1.06s (Attempt 2/3)
2025-02-05 00:56:56,485 WARNING Attempt 2 - Timeout waiting for //*[@id="content"]/div/div[2]/div[2]/kat-tabs/kat-tab[1]/div/div[2]/kat-table/kat-table-body/kat-table-row[1]/kat-table-cell[2]: Page.wait_for_selector: Timeout 15000ms exceeded.
Call log:
  - waiting for locator("//*[@id=\"content\"]/div/div[2]/div[2]/kat-tabs/kat-tab[1]/div/div[2]/kat-table/kat-table-body/kat-table-row[1]/kat-table-cell[2]") to be visible

2025-02-05 00:56:56,487 INFO Retrying in 0.65s (Attempt 2/3)
2025-02-05 00:56:56,492 WARNING Attempt 2 - Timeout waiting for //*[@id="content"]/div/div[2]/div[2]/kat-tabs/kat-tab[1]/div/div[2]/kat-table/kat-table-body/kat-table-row[1]/kat-table-cell[2]: Page.wait_for_selector: Timeout 15000ms exceeded.
Call log:
  - waiting for locator("//*[@id=\"content\"]/div/div[2]/div[2]/kat-tabs/kat-tab[1]/div/div[2]/kat-table/kat-table-body/kat-table-row[1]/kat-table-cell[2]") to be visible

2025-02-05 00:56:56,494 INFO Retrying in 1.73s (Attempt 2/3)
2025-02-05 00:56:56,498 INFO URL 'https://sellercentral.amazon.co.uk/snowdash?mons_sel_dir_mcid=amzn1.merchant.d.ABOTA5CJ3NI6XPOV26YI42NFT35Q&mons_sel_mkid=AM7DNVYQULIQ5&mons_sel_dir_paid=amzn1.pa.d.AA7FA5IFAM3JGRKHEN75TRVXVL6Q&ignore_selection_changed=true' succeeded after 5 retry attempt(s).
2025-02-05 00:56:56,579 WARNING Attempt 2 - Timeout waiting for //*[@id="content"]/div/div[2]/div[2]/kat-tabs/kat-tab[1]/div/div[2]/kat-table/kat-table-body/kat-table-row[1]/kat-table-cell[2]: Page.wait_for_selector: Timeout 15000ms exceeded.
Call log:
  - waiting for locator("//*[@id=\"content\"]/div/div[2]/div[2]/kat-tabs/kat-tab[1]/div/div[2]/kat-table/kat-table-body/kat-table-row[1]/kat-table-cell[2]") to be visible

2025-02-05 00:56:56,602 INFO Retrying in 1.85s (Attempt 2/3)
2025-02-05 00:56:56,645 WARNING Attempt 2 - Timeout waiting for //*[@id="content"]/div/div[2]/div[2]/kat-tabs/kat-tab[1]/div/div[2]/kat-table/kat-table-body/kat-table-row[1]/kat-table-cell[2]: Page.wait_for_selector: Timeout 15000ms exceeded.
Call log:
  - waiting for locator("//*[@id=\"content\"]/div/div[2]/div[2]/kat-tabs/kat-tab[1]/div/div[2]/kat-table/kat-table-body/kat-table-row[1]/kat-table-cell[2]") to be visible

2025-02-05 00:56:56,646 INFO Retrying in 1.86s (Attempt 2/3)
2025-02-05 00:56:56,752 WARNING Attempt 2 - Timeout waiting for //*[@id="content"]/div/div[2]/div[2]/kat-tabs/kat-tab[1]/div/div[2]/kat-table/kat-table-body/kat-table-row[1]/kat-table-cell[2]: Page.wait_for_selector: Timeout 15000ms exceeded.
Call log:
  - waiting for locator("//*[@id=\"content\"]/div/div[2]/div[2]/kat-tabs/kat-tab[1]/div/div[2]/kat-table/kat-table-body/kat-table-row[1]/kat-table-cell[2]") to be visible

2025-02-05 00:56:56,756 INFO Retrying in 0.64s (Attempt 2/3)
2025-02-05 00:56:56,856 WARNING Attempt 2 - Timeout waiting for //*[@id="content"]/div/div[2]/div[2]/kat-tabs/kat-tab[1]/div/div[2]/kat-table/kat-table-body/kat-table-row[1]/kat-table-cell[2]: Page.wait_for_selector: Timeout 15000ms exceeded.
Call log:
  - waiting for locator("//*[@id=\"content\"]/div/div[2]/div[2]/kat-tabs/kat-tab[1]/div/div[2]/kat-table/kat-table-body/kat-table-row[1]/kat-table-cell[2]") to be visible

2025-02-05 00:56:56,864 INFO Retrying in 0.83s (Attempt 2/3)
2025-02-05 00:56:57,013 WARNING Attempt 2 - Timeout waiting for //*[@id="content"]/div/div[2]/div[2]/kat-tabs/kat-tab[1]/div/div[2]/kat-table/kat-table-body/kat-table-row[1]/kat-table-cell[2]: Page.wait_for_selector: Timeout 15000ms exceeded.
Call log:
  - waiting for locator("//*[@id=\"content\"]/div/div[2]/div[2]/kat-tabs/kat-tab[1]/div/div[2]/kat-table/kat-table-body/kat-table-row[1]/kat-table-cell[2]") to be visible

2025-02-05 00:56:57,014 INFO Retrying in 0.52s (Attempt 2/3)
2025-02-05 00:57:01,969 INFO URL 'https://sellercentral.amazon.co.uk/snowdash?mons_sel_dir_mcid=amzn1.merchant.d.ABSI6OBJI77QPRDP4HAT2FVQPDLQ&mons_sel_mkid=AM7DNVYQULIQ5&mons_sel_dir_paid=amzn1.pa.d.AD6DI6OS5SMESCPK3TDDTJ7QGXBQ' succeeded after 5 retry attempt(s).
2025-02-05 00:57:02,158 INFO URL 'https://sellercentral.amazon.co.uk/snowdash?ref_=mp_home_logo_xx&cor=mmp_EU&mons_sel_dir_mcid=amzn1.merchant.d.AF2X4DDJ3TUVG7C4SHCTLVQY6E&mons_sel_mkid=AM7DNVYQULIQ5' succeeded after 5 retry attempt(s).
2025-02-05 00:57:02,894 INFO URL 'https://sellercentral.amazon.co.uk/snowdash?ref_=mp_home_logo_xx&cor=mmp_EU&mons_sel_dir_mcid=amzn1.merchant.d.ZKXDPDX3ZK6ZYCB4PANH3A2G54&mons_sel_mkid=AM7DNVYQULIQ5' succeeded after 5 retry attempt(s).
2025-02-05 00:57:05,246 WARNING Attempt 2 - Timeout waiting for //*[@id="content"]/div/div[2]/div[2]/kat-tabs/kat-tab[1]/div/div[2]/kat-table/kat-table-body/kat-table-row[1]/kat-table-cell[2]: Page.wait_for_selector: Timeout 15000ms exceeded.
Call log:
  - waiting for locator("//*[@id=\"content\"]/div/div[2]/div[2]/kat-tabs/kat-tab[1]/div/div[2]/kat-table/kat-table-body/kat-table-row[1]/kat-table-cell[2]") to be visible

2025-02-05 00:57:05,251 INFO Retrying in 0.80s (Attempt 2/3)
2025-02-05 00:57:07,920 INFO URL 'https://sellercentral.amazon.co.uk/snowdash?mons_sel_dir_mcid=amzn1.merchant.d.ADO2HL4X4LC76PIVOEYRC7ZJ3NVA&mons_sel_mkid=AM7DNVYQULIQ5&mons_sel_dir_paid=amzn1.pa.d.AD4IWCP64WYLOWQUPLGRYRNLHAFQ' succeeded after 5 retry attempt(s).
2025-02-05 00:57:08,425 INFO URL 'https://sellercentral.amazon.co.uk/snowdash?ref_=mp_home_logo_xx&cor=mmp_EU&mons_sel_dir_mcid=amzn1.merchant.d.YYENNYT7VOMTTR3X6BBX4EGGSM&mons_sel_mkid=AM7DNVYQULIQ5' succeeded after 5 retry attempt(s).
2025-02-05 00:57:08,876 INFO URL 'https://sellercentral.amazon.co.uk/snowdash?mons_sel_dir_mcid=amzn1.merchant.d.ADOPWVRANYJOK2W244NREK5ZSLTA&mons_sel_mkid=AM7DNVYQULIQ5&mons_sel_dir_paid=amzn1.pa.d.ACWNVBKXNCGOUDEJ3Z2WF47V6YPQ' succeeded after 5 retry attempt(s).
2025-02-05 00:57:12,144 WARNING Attempt 3 - Timeout waiting for //*[@id="content"]/div/div[2]/div[2]/kat-tabs/kat-tab[1]/div/div[2]/kat-table/kat-table-body/kat-table-row[1]/kat-table-cell[2]: Page.wait_for_selector: Timeout 15000ms exceeded.
Call log:
  - waiting for locator("//*[@id=\"content\"]/div/div[2]/div[2]/kat-tabs/kat-tab[1]/div/div[2]/kat-table/kat-table-body/kat-table-row[1]/kat-table-cell[2]") to be visible

2025-02-05 00:57:12,184 WARNING Attempt 3 - Timeout waiting for //*[@id="content"]/div/div[2]/div[2]/kat-tabs/kat-tab[1]/div/div[2]/kat-table/kat-table-body/kat-table-row[1]/kat-table-cell[2]: Page.wait_for_selector: Timeout 15000ms exceeded.
Call log:
  - waiting for locator("//*[@id=\"content\"]/div/div[2]/div[2]/kat-tabs/kat-tab[1]/div/div[2]/kat-table/kat-table-body/kat-table-row[1]/kat-table-cell[2]") to be visible

2025-02-05 00:57:12,210 INFO Retrying https://sellercentral.amazon.co.uk/snowdash?ref_=mp_home_logo_xx&cor=mmp_EU&mons_sel_dir_mcid=amzn1.merchant.d.GY2CULAKYRRYXZKBFUAORHMLXU&mons_sel_mkid=AM7DNVYQULIQ5 (attempt 1/5) due to: Page.wait_for_selector: Timeout 15000ms exceeded.
Call log:
  - waiting for locator("//*[@id=\"content\"]/div/div[2]/div[2]/kat-tabs/kat-tab[1]/div/div[2]/kat-table/kat-table-body/kat-table-row[1]/kat-table-cell[2]") to be visible

2025-02-05 00:57:12,223 INFO Retrying https://sellercentral.amazon.co.uk/snowdash?ref_=mp_home_logo_xx&cor=mmp_EU&mons_sel_dir_mcid=amzn1.merchant.d.ABULHJ2XSWD7MG2PVZV5S3QEZKTA&mons_sel_mkid=AM7DNVYQULIQ5 (attempt 1/5) due to: Page.wait_for_selector: Timeout 15000ms exceeded.
Call log:
  - waiting for locator("//*[@id=\"content\"]/div/div[2]/div[2]/kat-tabs/kat-tab[1]/div/div[2]/kat-table/kat-table-body/kat-table-row[1]/kat-table-cell[2]") to be visible

2025-02-05 00:57:12,404 WARNING Attempt 3 - Timeout waiting for //*[@id="content"]/div/div[2]/div[2]/kat-tabs/kat-tab[1]/div/div[2]/kat-table/kat-table-body/kat-table-row[1]/kat-table-cell[2]: Page.wait_for_selector: Timeout 15000ms exceeded.
Call log:
  - waiting for locator("//*[@id=\"content\"]/div/div[2]/div[2]/kat-tabs/kat-tab[1]/div/div[2]/kat-table/kat-table-body/kat-table-row[1]/kat-table-cell[2]") to be visible

2025-02-05 00:57:12,509 INFO Retrying https://sellercentral.amazon.co.uk/snowdash?mons_sel_dir_mcid=amzn1.merchant.d.ADYEE4IAXYQ33LKAYBKBQYKGU6WA&mons_sel_mkid=AM7DNVYQULIQ5&mons_sel_dir_paid=amzn1.pa.d.ACFGJB3LY3FK6XHUUEQZEQCT7BVA (attempt 2/5) due to: Page.wait_for_selector: Timeout 15000ms exceeded.
Call log:
  - waiting for locator("//*[@id=\"content\"]/div/div[2]/div[2]/kat-tabs/kat-tab[1]/div/div[2]/kat-table/kat-table-body/kat-table-row[1]/kat-table-cell[2]") to be visible

2025-02-05 00:57:12,565 WARNING Attempt 3 - Timeout waiting for //*[@id="content"]/div/div[2]/div[2]/kat-tabs/kat-tab[1]/div/div[2]/kat-table/kat-table-body/kat-table-row[1]/kat-table-cell[2]: Page.wait_for_selector: Timeout 15000ms exceeded.
Call log:
  - waiting for locator("//*[@id=\"content\"]/div/div[2]/div[2]/kat-tabs/kat-tab[1]/div/div[2]/kat-table/kat-table-body/kat-table-row[1]/kat-table-cell[2]") to be visible

2025-02-05 00:57:12,567 WARNING Attempt 3 - Timeout waiting for //*[@id="content"]/div/div[2]/div[2]/kat-tabs/kat-tab[1]/div/div[2]/kat-table/kat-table-body/kat-table-row[1]/kat-table-cell[2]: Page.wait_for_selector: Timeout 15000ms exceeded.
Call log:
  - waiting for locator("//*[@id=\"content\"]/div/div[2]/div[2]/kat-tabs/kat-tab[1]/div/div[2]/kat-table/kat-table-body/kat-table-row[1]/kat-table-cell[2]") to be visible

2025-02-05 00:57:12,603 INFO Retrying https://sellercentral.amazon.co.uk/snowdash?ref_=mp_home_logo_xx&cor=mmp_EU&mons_sel_dir_mcid=amzn1.merchant.d.MC2LXJGUNKF2QYKQUG2LPP5XI4&mons_sel_mkid=AM7DNVYQULIQ5 (attempt 1/5) due to: Page.wait_for_selector: Timeout 15000ms exceeded.
Call log:
  - waiting for locator("//*[@id=\"content\"]/div/div[2]/div[2]/kat-tabs/kat-tab[1]/div/div[2]/kat-table/kat-table-body/kat-table-row[1]/kat-table-cell[2]") to be visible

2025-02-05 00:57:12,614 INFO Retrying https://sellercentral.amazon.co.uk/snowdash?mons_sel_dir_mcid=amzn1.merchant.d.ADTPODAQGQ7FA76RFGS52P5FNNGQ&mons_sel_mkid=AM7DNVYQULIQ5&mons_sel_dir_paid=amzn1.pa.d.ABGCCFSPBFVHWNGJ6RKWEPOEPFXA (attempt 1/5) due to: Page.wait_for_selector: Timeout 15000ms exceeded.
Call log:
  - waiting for locator("//*[@id=\"content\"]/div/div[2]/div[2]/kat-tabs/kat-tab[1]/div/div[2]/kat-table/kat-table-body/kat-table-row[1]/kat-table-cell[2]") to be visible

2025-02-05 00:57:12,695 WARNING Attempt 3 - Timeout waiting for //*[@id="content"]/div/div[2]/div[2]/kat-tabs/kat-tab[1]/div/div[2]/kat-table/kat-table-body/kat-table-row[1]/kat-table-cell[2]: Page.wait_for_selector: Timeout 15000ms exceeded.
Call log:
  - waiting for locator("//*[@id=\"content\"]/div/div[2]/div[2]/kat-tabs/kat-tab[1]/div/div[2]/kat-table/kat-table-body/kat-table-row[1]/kat-table-cell[2]") to be visible

2025-02-05 00:57:12,752 INFO Retrying https://sellercentral.amazon.co.uk/snowdash?mons_sel_dir_mcid=amzn1.merchant.d.ADCTYK7ZDZ3AJG55TWLDKHVPEU7Q&mons_sel_mkid=AM7DNVYQULIQ5&mons_sel_dir_paid=amzn1.pa.d.AC5SCORDKVABET36OI32HPSR7K3A&ignore_selection_changed=true (attempt 1/5) due to: Page.wait_for_selector: Timeout 15000ms exceeded.
Call log:
  - waiting for locator("//*[@id=\"content\"]/div/div[2]/div[2]/kat-tabs/kat-tab[1]/div/div[2]/kat-table/kat-table-body/kat-table-row[1]/kat-table-cell[2]") to be visible

2025-02-05 00:57:12,780 WARNING Attempt 3 - Timeout waiting for //*[@id="content"]/div/div[2]/div[2]/kat-tabs/kat-tab[1]/div/div[2]/kat-table/kat-table-body/kat-table-row[1]/kat-table-cell[2]: Page.wait_for_selector: Timeout 15000ms exceeded.
Call log:
  - waiting for locator("//*[@id=\"content\"]/div/div[2]/div[2]/kat-tabs/kat-tab[1]/div/div[2]/kat-table/kat-table-body/kat-table-row[1]/kat-table-cell[2]") to be visible

2025-02-05 00:57:12,837 ERROR Max retries reached for https://sellercentral.amazon.co.uk/snowdash?mons_sel_dir_mcid=amzn1.merchant.d.AD7QAJ2P2UDO4H6H6VMSAACFG3JQ&mons_sel_mkid=AM7DNVYQULIQ5&mons_sel_dir_paid=amzn1.pa.d.AD2R7QFMDOMHO7Q6EWMMRB6IOIYA. Reason: Page.wait_for_selector: Timeout 15000ms exceeded.
Call log:
  - waiting for locator("//*[@id=\"content\"]/div/div[2]/div[2]/kat-tabs/kat-tab[1]/div/div[2]/kat-table/kat-table-body/kat-table-row[1]/kat-table-cell[2]") to be visible

2025-02-05 00:57:13,046 WARNING Attempt 3 - Timeout waiting for //*[@id="content"]/div/div[2]/div[2]/kat-tabs/kat-tab[1]/div/div[2]/kat-table/kat-table-body/kat-table-row[1]/kat-table-cell[2]: Page.wait_for_selector: Timeout 15000ms exceeded.
Call log:
  - waiting for locator("//*[@id=\"content\"]/div/div[2]/div[2]/kat-tabs/kat-tab[1]/div/div[2]/kat-table/kat-table-body/kat-table-row[1]/kat-table-cell[2]") to be visible

2025-02-05 00:57:13,131 ERROR Max retries reached for https://sellercentral.amazon.co.uk/snowdash?ref_=mp_home_logo_xx&cor=mmp_EU&mons_sel_dir_mcid=amzn1.merchant.d.H2F77QCIJPDU6IYTICWEOZGMYI&mons_sel_mkid=AM7DNVYQULIQ5. Reason: Page.wait_for_selector: Timeout 15000ms exceeded.
Call log:
  - waiting for locator("//*[@id=\"content\"]/div/div[2]/div[2]/kat-tabs/kat-tab[1]/div/div[2]/kat-table/kat-table-body/kat-table-row[1]/kat-table-cell[2]") to be visible

2025-02-05 00:57:13,249 WARNING Attempt 3 - Timeout waiting for //*[@id="content"]/div/div[2]/div[2]/kat-tabs/kat-tab[1]/div/div[2]/kat-table/kat-table-body/kat-table-row[1]/kat-table-cell[2]: Page.wait_for_selector: Timeout 15000ms exceeded.
Call log:
  - waiting for locator("//*[@id=\"content\"]/div/div[2]/div[2]/kat-tabs/kat-tab[1]/div/div[2]/kat-table/kat-table-body/kat-table-row[1]/kat-table-cell[2]") to be visible

2025-02-05 00:57:13,320 ERROR Max retries reached for https://sellercentral.amazon.co.uk/snowdash?mons_sel_dir_mcid=amzn1.merchant.d.AB4CCA5QSUUSH3SRY6G337KCPWDA&mons_sel_mkid=AM7DNVYQULIQ5&mons_sel_dir_paid=amzn1.pa.d.AC67FCU7LAWNSHAZP4DP7K5IEH4A. Reason: Page.wait_for_selector: Timeout 15000ms exceeded.
Call log:
  - waiting for locator("//*[@id=\"content\"]/div/div[2]/div[2]/kat-tabs/kat-tab[1]/div/div[2]/kat-table/kat-table-body/kat-table-row[1]/kat-table-cell[2]") to be visible

2025-02-05 00:57:13,461 WARNING Attempt 3 - Timeout waiting for //*[@id="content"]/div/div[2]/div[2]/kat-tabs/kat-tab[1]/div/div[2]/kat-table/kat-table-body/kat-table-row[1]/kat-table-cell[2]: Page.wait_for_selector: Timeout 15000ms exceeded.
Call log:
  - waiting for locator("//*[@id=\"content\"]/div/div[2]/div[2]/kat-tabs/kat-tab[1]/div/div[2]/kat-table/kat-table-body/kat-table-row[1]/kat-table-cell[2]") to be visible

2025-02-05 00:57:13,527 WARNING Attempt 3 - Timeout waiting for //*[@id="content"]/div/div[2]/div[2]/kat-tabs/kat-tab[1]/div/div[2]/kat-table/kat-table-body/kat-table-row[1]/kat-table-cell[2]: Page.wait_for_selector: Timeout 15000ms exceeded.
Call log:
  - waiting for locator("//*[@id=\"content\"]/div/div[2]/div[2]/kat-tabs/kat-tab[1]/div/div[2]/kat-table/kat-table-body/kat-table-row[1]/kat-table-cell[2]") to be visible

2025-02-05 00:57:13,644 INFO Retrying https://sellercentral.amazon.co.uk/snowdash?ref_=mp_home_logo_xx&cor=mmp_EU&mons_sel_dir_mcid=amzn1.merchant.d.ABULHJ2XSWD7MG2PVZV5S3QEZKTA&mons_sel_mkid=AM7DNVYQULIQ5 (attempt 2/5) due to: Page.wait_for_selector: Timeout 15000ms exceeded.
Call log:
  - waiting for locator("//*[@id=\"content\"]/div/div[2]/div[2]/kat-tabs/kat-tab[1]/div/div[2]/kat-table/kat-table-body/kat-table-row[1]/kat-table-cell[2]") to be visible

2025-02-05 00:57:13,707 ERROR Max retries reached for https://sellercentral.amazon.co.uk/snowdash?mons_sel_dir_mcid=amzn1.merchant.d.ABDQHI4AQLCHCF2KY52NJA6VHUDQ&mons_sel_mkid=AM7DNVYQULIQ5&mons_sel_dir_paid=amzn1.pa.d.ADWWYQQT2WJB7YMB3YTBG6U3N6UQ&ignore_selection_changed=true. Reason: Page.wait_for_selector: Timeout 15000ms exceeded.
Call log:
  - waiting for locator("//*[@id=\"content\"]/div/div[2]/div[2]/kat-tabs/kat-tab[1]/div/div[2]/kat-table/kat-table-body/kat-table-row[1]/kat-table-cell[2]") to be visible

2025-02-05 00:57:14,670 INFO URL 'https://sellercentral.amazon.co.uk/snowdash?ref_=mp_home_logo_xx&cor=mmp_EU&mons_sel_dir_mcid=amzn1.merchant.d.AAYURGJQN4LWSJLFLV64YB2PE6QQ&mons_sel_mkid=AM7DNVYQULIQ5' succeeded after 5 retry attempt(s).
2025-02-05 00:57:15,258 INFO URL 'https://sellercentral.amazon.co.uk/snowdash?ref_=mp_home_logo_xx&cor=mmp_EU&mons_sel_dir_mcid=amzn1.merchant.d.AALHITTZ7KFUG2IMUQQ5UCDGIOHA&mons_sel_mkid=AM7DNVYQULIQ5' succeeded after 5 retry attempt(s).
2025-02-05 00:57:15,814 INFO URL 'https://sellercentral.amazon.co.uk/snowdash?mons_sel_dir_mcid=amzn1.merchant.d.AAG6RKDZEQUVESNOF5AI2UOEE5EA&mons_sel_mkid=AM7DNVYQULIQ5&mons_sel_dir_paid=amzn1.pa.d.ACVRKADYXWLHELZXUUEQYUDRBK4A&ignore_selection_changed=true' succeeded after 5 retry attempt(s).
2025-02-05 00:57:18,801 INFO URL 'https://sellercentral.amazon.co.uk/snowdash?mons_sel_dir_mcid=amzn1.merchant.d.AB2EEJ5J4DNTZU74HOFKKDDEP3DA&mons_sel_mkid=AM7DNVYQULIQ5&mons_sel_dir_paid=amzn1.pa.d.AC6Z3WCGRJU7IBFCY7BLMVH4O2FA' succeeded after 5 retry attempt(s).
2025-02-05 00:57:18,974 INFO URL 'https://sellercentral.amazon.co.uk/snowdash?mons_sel_dir_mcid=amzn1.merchant.d.ADJEZVZ4KQNGNNGBYFW7U5VQN2GQ&mons_sel_mkid=AM7DNVYQULIQ5&mons_sel_dir_paid=amzn1.pa.d.AAZ4ORHN6TNLNQ2C7IFRWXVOXQQA' succeeded after 5 retry attempt(s).
2025-02-05 00:57:19,828 INFO URL 'https://sellercentral.amazon.co.uk/snowdash?ref_=mp_home_logo_xx&cor=mmp_EU&mons_sel_dir_mcid=amzn1.merchant.d.2RC2IMLOO4AI5IB2GEVY2QHSTY&mons_sel_mkid=AM7DNVYQULIQ5' succeeded after 5 retry attempt(s).
2025-02-05 00:57:21,039 INFO URL 'https://sellercentral.amazon.co.uk/snowdash?ref_=mp_home_logo_xx&cor=mmp_EU&mons_sel_dir_mcid=amzn1.merchant.d.TJ4PAMH35J2QJM4C6ZO7NWGQ6M&mons_sel_mkid=AM7DNVYQULIQ5' succeeded after 5 retry attempt(s).
2025-02-05 00:57:21,067 WARNING Attempt 3 - Timeout waiting for //*[@id="content"]/div/div[2]/div[2]/kat-tabs/kat-tab[1]/div/div[2]/kat-table/kat-table-body/kat-table-row[1]/kat-table-cell[2]: Page.wait_for_selector: Timeout 15000ms exceeded.
Call log:
  - waiting for locator("//*[@id=\"content\"]/div/div[2]/div[2]/kat-tabs/kat-tab[1]/div/div[2]/kat-table/kat-table-body/kat-table-row[1]/kat-table-cell[2]") to be visible

2025-02-05 00:57:21,162 ERROR Max retries reached for https://sellercentral.amazon.co.uk/snowdash?mons_sel_dir_mcid=amzn1.merchant.d.ACKDJINKJIXIGAHOSS35RQHYSARA&mons_sel_mkid=A1F83G8C2ARO7P&mons_sel_dir_paid=amzn1.pa.d.ADSTPCV5LTPCPHQCNXE5O7KNI2UQ&ignore_selection_changed=true. Reason: Page.wait_for_selector: Timeout 15000ms exceeded.
Call log:
  - waiting for locator("//*[@id=\"content\"]/div/div[2]/div[2]/kat-tabs/kat-tab[1]/div/div[2]/kat-table/kat-table-body/kat-table-row[1]/kat-table-cell[2]") to be visible

2025-02-05 00:57:21,337 INFO URL 'https://sellercentral.amazon.co.uk/snowdash?ref_=mp_home_logo_xx&cor=mmp_EU&mons_sel_dir_mcid=amzn1.merchant.d.XFOODPQL3JFMELKFESHKPN4OU4&mons_sel_mkid=AM7DNVYQULIQ5' succeeded after 5 retry attempt(s).
2025-02-05 00:57:21,380 INFO URL 'https://sellercentral.amazon.co.uk/snowdash?ref_=mp_home_logo_xx&cor=mmp_EU&mons_sel_dir_mcid=amzn1.merchant.d.AAADLFYR4W67BJPOCTSGVGAKQJDA&mons_sel_mkid=AM7DNVYQULIQ5' succeeded after 5 retry attempt(s).
2025-02-05 00:57:21,631 INFO URL 'https://sellercentral.amazon.co.uk/snowdash?ref_=mp_home_logo_xx&cor=mmp_EU&mons_sel_dir_mcid=amzn1.merchant.d.ZSIBEU7KNF3SOIK4BHIIS66HQI&mons_sel_mkid=AM7DNVYQULIQ5' succeeded after 5 retry attempt(s).
2025-02-05 00:57:21,909 INFO URL 'https://sellercentral.amazon.co.uk/snowdash?ref_=mp_home_logo_xx&cor=mmp_EU&mons_sel_dir_mcid=amzn1.merchant.d.RJGUNTBQ6NIKOF3VZDRL7ZVWQI&mons_sel_mkid=AM7DNVYQULIQ5' succeeded after 5 retry attempt(s).
2025-02-05 00:57:23,095 INFO URL 'https://sellercentral.amazon.co.uk/snowdash?ref_=mp_home_logo_xx&cor=mmp_EU&mons_sel_dir_mcid=amzn1.merchant.d.SMQEFWMWQSU4Z6RFJHN67V2B7Q&mons_sel_mkid=AM7DNVYQULIQ5' succeeded after 5 retry attempt(s).
2025-02-05 00:57:24,832 INFO URL 'https://sellercentral.amazon.co.uk/snowdash?mons_sel_dir_mcid=amzn1.merchant.d.AD5QVT3CWM5OCVRQFWK76B6CXGSA&mons_sel_mkid=AM7DNVYQULIQ5&mons_sel_dir_paid=amzn1.pa.d.AAY6DDIE76SUHGCKSTVMTMOXA5UQ&ignore_selection_changed=true' succeeded after 5 retry attempt(s).
2025-02-05 00:57:24,974 INFO URL 'https://sellercentral.amazon.co.uk/snowdash?ref_=mp_home_logo_xx&cor=mmp_EU&mons_sel_dir_mcid=amzn1.merchant.d.AD6RTRJUXTX4IF5A7UBFLVQKZSPQ&mons_sel_mkid=AM7DNVYQULIQ5' succeeded after 5 retry attempt(s).
2025-02-05 00:57:25,885 INFO URL 'https://sellercentral.amazon.co.uk/snowdash?ref_=mp_home_logo_xx&cor=mmp_EU&mons_sel_dir_mcid=amzn1.merchant.d.OZWAXY3UARKV2URONFVBS3NNU4&mons_sel_mkid=AM7DNVYQULIQ5' succeeded after 5 retry attempt(s).
2025-02-05 00:57:25,994 INFO URL 'https://sellercentral.amazon.co.uk/snowdash?ref_=mp_home_logo_xx&cor=mmp_EU&mons_sel_dir_mcid=amzn1.merchant.d.QCVI66OCQYV52DXRWORDAVWGP4&mons_sel_mkid=AM7DNVYQULIQ5' succeeded after 5 retry attempt(s).
2025-02-05 00:57:26,052 INFO URL 'https://sellercentral.amazon.co.uk/snowdash?ref_=mp_home_logo_xx&cor=mmp_EU&mons_sel_dir_mcid=amzn1.merchant.d.LROY7SLPMWIC6XBFNEEM42TGVI&mons_sel_mkid=AM7DNVYQULIQ5' succeeded after 5 retry attempt(s).
2025-02-05 00:57:26,378 INFO URL 'https://sellercentral.amazon.co.uk/snowdash?mons_sel_dir_mcid=amzn1.merchant.d.ADUN74CBMGTEYQAQGEMMZ53PW44Q&mons_sel_mkid=AM7DNVYQULIQ5&mons_sel_dir_paid=amzn1.pa.d.ADKZPI7ZHFXOXSR6ODFSMWQPRXVA&ignore_selection_changed=true' succeeded after 5 retry attempt(s).
2025-02-05 00:57:28,532 INFO URL 'https://sellercentral.amazon.co.uk/snowdash?mons_sel_dir_mcid=amzn1.merchant.d.ADC5GLYYLRB7BD4ZVHGTRCIWJWRA&mons_sel_mkid=AM7DNVYQULIQ5&mons_sel_dir_paid=amzn1.pa.d.ADFOQUSPUAVQ6YRDMCSOOMV4MJBA' succeeded after 5 retry attempt(s).
2025-02-05 00:57:28,581 INFO URL 'https://sellercentral.amazon.co.uk/snowdash?ref_=mp_home_logo_xx&cor=mmp_EU&mons_sel_dir_mcid=amzn1.merchant.d.ADEVKJCZIITWEGX777VM5K7S7C7A&mons_sel_mkid=AM7DNVYQULIQ5' succeeded after 5 retry attempt(s).
2025-02-05 00:57:28,826 INFO URL 'https://sellercentral.amazon.co.uk/snowdash?mons_sel_dir_mcid=amzn1.merchant.d.ADANZSWRXBJBZFVVUGKGT35RVVPQ&mons_sel_mkid=AM7DNVYQULIQ5&mons_sel_dir_paid=amzn1.pa.d.AB63ATOT5VSZHFFDIH2GC4XKHDJQ' succeeded after 5 retry attempt(s).
2025-02-05 00:57:28,848 INFO URL 'https://sellercentral.amazon.co.uk/snowdash?ref_=mp_home_logo_xx&cor=mmp_EU&mons_sel_dir_mcid=amzn1.merchant.d.VKIJRZIELRVGLVX5T5AJKNBPTI&mons_sel_mkid=AM7DNVYQULIQ5' succeeded after 5 retry attempt(s).
2025-02-05 00:57:28,892 INFO URL 'https://sellercentral.amazon.co.uk/snowdash?ref_=mp_home_logo_xx&cor=mmp_EU&mons_sel_dir_mcid=amzn1.merchant.d.KOPSQ4M7OTL5DU3ZTGIJBTBVR4&mons_sel_mkid=AM7DNVYQULIQ5' succeeded after 5 retry attempt(s).
2025-02-05 00:57:28,926 INFO URL 'https://sellercentral.amazon.co.uk/snowdash?ref_=mp_home_logo_xx&cor=mmp_EU&mons_sel_dir_mcid=amzn1.merchant.d.DICI5ABDNGFBEQNXKQVBO5VIJI&mons_sel_mkid=AM7DNVYQULIQ5' succeeded after 5 retry attempt(s).
2025-02-05 00:57:28,939 INFO URL 'https://sellercentral.amazon.co.uk/snowdash?mons_sel_dir_mcid=amzn1.merchant.d.ACPJHAEDTHDPP5PUMMV3XP2LC7KQ&mons_sel_mkid=AM7DNVYQULIQ5&mons_sel_dir_paid=amzn1.pa.d.AA6FATALMTDIMU2BSXDL4ZO5TF7A' succeeded after 5 retry attempt(s).
2025-02-05 00:57:29,847 INFO URL 'https://sellercentral.amazon.co.uk/snowdash?mons_sel_dir_mcid=amzn1.merchant.d.AA2KXLZZ6E4GVGIDXVTRAICPS5NA&mons_sel_mkid=AM7DNVYQULIQ5&mons_sel_dir_paid=amzn1.pa.d.AAVFHCYXZZG3CYNZ4QWVMAPOIZ5Q' succeeded after 5 retry attempt(s).
2025-02-05 00:57:29,870 INFO URL 'https://sellercentral.amazon.co.uk/snowdash?ref_=mp_home_logo_xx&cor=mmp_EU&mons_sel_dir_mcid=amzn1.merchant.d.B4R25CUZT3DPGOXJZI2JVCHNFA&mons_sel_mkid=AM7DNVYQULIQ5' succeeded after 5 retry attempt(s).
2025-02-05 00:57:32,644 INFO URL 'https://sellercentral.amazon.co.uk/snowdash?ref_=mp_home_logo_xx&cor=mmp_EU&mons_sel_dir_mcid=amzn1.merchant.d.AD7N2ILMP7B7JE75LPWRCYAKBQCQ&mons_sel_mkid=AM7DNVYQULIQ5' succeeded after 5 retry attempt(s).
2025-02-05 00:57:32,685 INFO URL 'https://sellercentral.amazon.co.uk/snowdash?ref_=mp_home_logo_xx&cor=mmp_EU&mons_sel_dir_mcid=amzn1.merchant.d.UZ4NM3X3OJE5QS4EX7HJACBMLA&mons_sel_mkid=AM7DNVYQULIQ5' succeeded after 5 retry attempt(s).
2025-02-05 00:57:33,808 INFO URL 'https://sellercentral.amazon.co.uk/snowdash?ref_=mp_home_logo_xx&cor=mmp_EU&mons_sel_dir_mcid=amzn1.merchant.d.AUXJGBRU7DEMYNYEBI3VJ4RLVA&mons_sel_mkid=AM7DNVYQULIQ5' succeeded after 5 retry attempt(s).
2025-02-05 00:57:33,820 INFO URL 'https://sellercentral.amazon.co.uk/snowdash?ref_=mp_home_logo_xx&cor=mmp_EU&mons_sel_dir_mcid=amzn1.merchant.d.AAP3BBXOZPKOIHI5HJPNXWNK6CSQ&mons_sel_mkid=AM7DNVYQULIQ5' succeeded after 5 retry attempt(s).
2025-02-05 00:57:34,248 INFO URL 'https://sellercentral.amazon.co.uk/snowdash?ref_=mp_home_logo_xx&cor=mmp_EU&mons_sel_dir_mcid=amzn1.merchant.d.AA6YLEFUYQALM4FIQ237MZTEHC4A&mons_sel_mkid=AM7DNVYQULIQ5' succeeded after 5 retry attempt(s).
2025-02-05 00:57:34,446 INFO URL 'https://sellercentral.amazon.co.uk/snowdash?ref_=mp_home_logo_xx&cor=mmp_EU&mons_sel_dir_mcid=amzn1.merchant.d.7ABDPNKITZDKBTMZXQPJ375QDQ&mons_sel_mkid=AM7DNVYQULIQ5' succeeded after 5 retry attempt(s).
2025-02-05 00:57:36,157 INFO URL 'https://sellercentral.amazon.co.uk/snowdash?ref_=mp_home_logo_xx&cor=mmp_EU&mons_sel_dir_mcid=amzn1.merchant.d.OKO5GFHWYIKCSQ33OLEA3HMJAI&mons_sel_mkid=AM7DNVYQULIQ5' succeeded after 5 retry attempt(s).
2025-02-05 00:57:36,200 INFO URL 'https://sellercentral.amazon.co.uk/snowdash?ref_=mp_home_logo_xx&cor=mmp_EU&mons_sel_dir_mcid=amzn1.merchant.d.IVBIG7Q6FDLCSIDLP6G6UYFJ3U&mons_sel_mkid=AM7DNVYQULIQ5' succeeded after 5 retry attempt(s).
2025-02-05 00:57:36,485 INFO URL 'https://sellercentral.amazon.co.uk/snowdash?mons_sel_dir_mcid=amzn1.merchant.d.AAP5ZMGS4WQ2TXHJ37SC25UXRMYA&mons_sel_mkid=AM7DNVYQULIQ5&mons_sel_dir_paid=amzn1.pa.d.ABYI4Z42ZD3IIPPODIXXBRAMLJXQ&ignore_selection_changed=true' succeeded after 5 retry attempt(s).
2025-02-05 00:57:36,949 INFO URL 'https://sellercentral.amazon.co.uk/snowdash?ref_=mp_home_logo_xx&cor=mmp_EU&mons_sel_dir_mcid=amzn1.merchant.d.JTI5MGPS5UCLNFFVKR2RLKVNWE&mons_sel_mkid=AM7DNVYQULIQ5' succeeded after 5 retry attempt(s).
2025-02-05 00:57:36,957 INFO URL 'https://sellercentral.amazon.co.uk/snowdash?ref_=mp_home_logo_xx&cor=mmp_EU&mons_sel_dir_mcid=amzn1.merchant.d.AB6HZQO5AA54XGS3FA427VSXYALQ&mons_sel_mkid=AM7DNVYQULIQ5' succeeded after 5 retry attempt(s).
2025-02-05 00:57:38,575 INFO URL 'https://sellercentral.amazon.co.uk/snowdash?ref_=mp_home_logo_xx&cor=mmp_EU&mons_sel_dir_mcid=amzn1.merchant.d.RS4CIVQ6GUNCOGMBKRPYCMZHWU&mons_sel_mkid=AM7DNVYQULIQ5' succeeded after 5 retry attempt(s).
2025-02-05 00:57:38,606 INFO URL 'https://sellercentral.amazon.co.uk/snowdash?mons_sel_dir_mcid=amzn1.merchant.d.ABCIXNNTSWX7ZMUR5YVOOTZYTUFQ&mons_sel_mkid=A1F83G8C2ARO7P&mons_sel_dir_paid=amzn1.pa.d.ADPMXK44AWN3F67EBODH6E354ZXA&ignore_selection_changed=true' succeeded after 5 retry attempt(s).
2025-02-05 00:57:38,608 INFO URL 'https://sellercentral.amazon.co.uk/snowdash?mons_sel_dir_mcid=amzn1.merchant.d.ABPWHXAIU7IKXRTZQIFEC5IIBZKA&mons_sel_mkid=AM7DNVYQULIQ5&mons_sel_dir_paid=amzn1.pa.d.AC4TA3DQQ2JJB7HJMXLJ6OVWXFSQ&ignore_selection_changed=true' succeeded after 5 retry attempt(s).
2025-02-05 00:57:38,652 INFO URL 'https://sellercentral.amazon.co.uk/snowdash?ref_=mp_home_logo_xx&cor=mmp_EU&mons_sel_dir_mcid=amzn1.merchant.d.AD6LDE533PF2OAX2YMWDQM44CXRA&mons_sel_mkid=AM7DNVYQULIQ5' succeeded after 5 retry attempt(s).
2025-02-05 00:57:39,842 INFO URL 'https://sellercentral.amazon.co.uk/snowdash?ref_=mp_home_logo_xx&cor=mmp_EU&mons_sel_dir_mcid=amzn1.merchant.d.ADYIVIOE2VAWUBLUXJSP24TCXN7Q&mons_sel_mkid=AM7DNVYQULIQ5' succeeded after 5 retry attempt(s).
2025-02-05 00:57:39,967 INFO URL 'https://sellercentral.amazon.co.uk/snowdash?ref_=mp_home_logo_xx&cor=mmp_EU&mons_sel_dir_mcid=amzn1.merchant.d.YX6SNKK6V5IZE2GV22CY3GK6PE&mons_sel_mkid=AM7DNVYQULIQ5' succeeded after 5 retry attempt(s).
2025-02-05 00:57:41,413 INFO URL 'https://sellercentral.amazon.co.uk/snowdash?ref_=mp_home_logo_xx&cor=mmp_EU&mons_sel_dir_mcid=amzn1.merchant.d.7QEHOZIIB7UB7GDJQZZGAHS5SI&mons_sel_mkid=AM7DNVYQULIQ5' succeeded after 5 retry attempt(s).
2025-02-05 00:57:41,423 INFO URL 'https://sellercentral.amazon.co.uk/snowdash?ref_=mp_home_logo_xx&cor=mmp_EU&mons_sel_dir_mcid=amzn1.merchant.d.JYWRCBXUHHNBJQBZRIKP5JUNJA&mons_sel_mkid=AM7DNVYQULIQ5' succeeded after 5 retry attempt(s).
2025-02-05 00:57:41,447 INFO URL 'https://sellercentral.amazon.co.uk/snowdash?mons_sel_dir_mcid=amzn1.merchant.d.ABHBXOCUWNNUMBCZY5F7QCZU7QPA&mons_sel_mkid=AM7DNVYQULIQ5&mons_sel_dir_paid=amzn1.pa.d.ABNZO53V6FKICICKVF6XMW6CETPQ&ignore_selection_changed=true' succeeded after 5 retry attempt(s).
2025-02-05 00:57:41,539 INFO URL 'https://sellercentral.amazon.co.uk/snowdash?ref_=mp_home_logo_xx&cor=mmp_EU&mons_sel_dir_mcid=amzn1.merchant.d.WMHEWBS7ELAGGVM5WFDK7NYIJI&mons_sel_mkid=AM7DNVYQULIQ5' succeeded after 5 retry attempt(s).
2025-02-05 00:57:44,774 INFO URL 'https://sellercentral.amazon.co.uk/snowdash?ref_=mp_home_logo_xx&cor=mmp_EU&mons_sel_dir_mcid=amzn1.merchant.d.EW5JFFAY7FNOX77UHNWO3QBZ54&mons_sel_mkid=AM7DNVYQULIQ5' succeeded after 5 retry attempt(s).
2025-02-05 00:57:44,782 INFO URL 'https://sellercentral.amazon.co.uk/snowdash?ref_=mp_home_logo_xx&cor=mmp_EU&mons_sel_dir_mcid=amzn1.merchant.d.UVNUMNMSCHPKLS5KIRQXFZZLLE&mons_sel_mkid=AM7DNVYQULIQ5' succeeded after 5 retry attempt(s).
2025-02-05 00:57:44,870 INFO URL 'https://sellercentral.amazon.co.uk/snowdash?ref_=mp_home_logo_xx&cor=mmp_EU&mons_sel_dir_mcid=amzn1.merchant.d.FDGSUN366YYC7QEXPPHEERH4C4&mons_sel_mkid=AM7DNVYQULIQ5' succeeded after 5 retry attempt(s).
2025-02-05 00:57:45,661 INFO URL 'https://sellercentral.amazon.co.uk/snowdash?mons_sel_dir_mcid=amzn1.merchant.d.ACWYSEMFU5ROY23EM6RYGYNIHYBQ&mons_sel_mkid=AM7DNVYQULIQ5&mons_sel_dir_paid=amzn1.pa.d.AAHL5EDDKPWI5TU37LMVK3QJQ2RA' succeeded after 5 retry attempt(s).
2025-02-05 00:57:46,276 INFO URL 'https://sellercentral.amazon.co.uk/snowdash?mons_sel_dir_mcid=amzn1.merchant.d.AD5HTNZWDBDDBHIALV3BNTYNKHWA&mons_sel_mkid=AM7DNVYQULIQ5&mons_sel_dir_paid=amzn1.pa.d.ADMCCC4BR7WVVLKYKWJE2366MYNA&ignore_selection_changed=true' succeeded after 5 retry attempt(s).
2025-02-05 00:57:46,359 INFO URL 'https://sellercentral.amazon.co.uk/snowdash?ref_=mp_home_logo_xx&cor=mmp_EU&mons_sel_dir_mcid=amzn1.merchant.d.ABKYVA4CDMKUHNVE4XM4G53LWKKQ&mons_sel_mkid=AM7DNVYQULIQ5' succeeded after 5 retry attempt(s).
2025-02-05 00:57:46,362 INFO URL 'https://sellercentral.amazon.co.uk/snowdash?mons_sel_dir_mcid=amzn1.merchant.d.AC6P6IVBBG5HRBIGJOCECLUNXOUQ&mons_sel_mkid=AM7DNVYQULIQ5&mons_sel_dir_paid=amzn1.pa.d.ADM3AXTKJSSG6NQUU7WIT3MB5N7Q&ignore_selection_changed=true' succeeded after 5 retry attempt(s).
2025-02-05 00:57:46,368 INFO URL 'https://sellercentral.amazon.co.uk/snowdash?ref_=mp_home_logo_xx&cor=mmp_EU&mons_sel_dir_mcid=amzn1.merchant.d.GVT2MBIMH3AQST5GOMGANMGML4&mons_sel_mkid=AM7DNVYQULIQ5' succeeded after 5 retry attempt(s).
2025-02-05 00:57:46,806 INFO URL 'https://sellercentral.amazon.co.uk/snowdash?ref_=mp_home_logo_xx&cor=mmp_EU&mons_sel_dir_mcid=amzn1.merchant.d.NYKD5HXX4QSLT25WKLS7STRMVU&mons_sel_mkid=AM7DNVYQULIQ5' succeeded after 5 retry attempt(s).
2025-02-05 00:57:46,826 INFO URL 'https://sellercentral.amazon.co.uk/snowdash?ref_=mp_home_logo_xx&cor=mmp_EU&mons_sel_dir_mcid=amzn1.merchant.d.ACH7OPMXKSJ23Y7GSLU3NGVRXY4A&mons_sel_mkid=AM7DNVYQULIQ5' succeeded after 5 retry attempt(s).
2025-02-05 00:57:46,981 INFO URL 'https://sellercentral.amazon.co.uk/snowdash?mons_sel_dir_mcid=amzn1.merchant.d.ADWB5XRRJF4TUMCMVYQ5TUL2JLXA&mons_sel_mkid=AM7DNVYQULIQ5&mons_sel_dir_paid=amzn1.pa.d.AAHELNII2HDQ6JFA5SFZ5RRR5SOA' succeeded after 5 retry attempt(s).
2025-02-05 00:57:48,417 INFO URL 'https://sellercentral.amazon.co.uk/snowdash?mons_sel_dir_mcid=amzn1.merchant.d.ACZ4M364GT4NEKJ4XTIPPAITBI3Q&mons_sel_mkid=AM7DNVYQULIQ5&mons_sel_dir_paid=amzn1.pa.d.ACO5KR5NHUQU4GGERO5L5BJ6BIIA&ignore_selection_changed=true' succeeded after 5 retry attempt(s).
2025-02-05 00:57:48,996 INFO URL 'https://sellercentral.amazon.co.uk/snowdash?mons_sel_dir_mcid=amzn1.merchant.d.AADFCQY6JELXLIBGBGNKKCXIKXWA&mons_sel_mkid=AM7DNVYQULIQ5&mons_sel_dir_paid=amzn1.pa.d.AA5SWOTKMB5ZPULHHDI3VQAT4HZA&ignore_selection_changed=true' succeeded after 5 retry attempt(s).
2025-02-05 00:57:49,033 INFO URL 'https://sellercentral.amazon.co.uk/snowdash?mons_sel_dir_mcid=amzn1.merchant.d.ABECVRCSAKNVW67M4G4FVCO23RCA&mons_sel_mkid=AM7DNVYQULIQ5&mons_sel_dir_paid=amzn1.pa.d.ABX4XE2S7YQ57FLGOC2CKK4CTU2A&ignore_selection_changed=true' succeeded after 5 retry attempt(s).
2025-02-05 00:57:49,035 INFO URL 'https://sellercentral.amazon.co.uk/snowdash?ref_=mp_home_logo_xx&cor=mmp_EU&mons_sel_dir_mcid=amzn1.merchant.d.ABUIDQVQJGPBAUYUQBXQZF4APD7Q&mons_sel_mkid=AM7DNVYQULIQ5' succeeded after 5 retry attempt(s).
2025-02-05 00:57:51,559 INFO URL 'https://sellercentral.amazon.co.uk/snowdash?mons_sel_dir_mcid=amzn1.merchant.d.AB5JWTJFSBO7S3THRJNLTVZPWGPA&mons_sel_mkid=AM7DNVYQULIQ5&mons_sel_dir_paid=amzn1.pa.d.ABJE234VGWUODIAFPJ6VR7C35CRQ&ignore_selection_changed=true' succeeded after 5 retry attempt(s).
2025-02-05 00:57:51,620 INFO URL 'https://sellercentral.amazon.co.uk/snowdash?mons_sel_dir_mcid=amzn1.merchant.d.ABYYSHIEKEANG6QFDRBAYF45PEXA&mons_sel_mkid=AM7DNVYQULIQ5&mons_sel_dir_paid=amzn1.pa.d.ABXBTP27EQBAUX4TGZ54V3CNCSDQ&ignore_selection_changed=true' succeeded after 5 retry attempt(s).
2025-02-05 00:57:51,716 INFO URL 'https://sellercentral.amazon.co.uk/snowdash?mons_sel_dir_mcid=amzn1.merchant.d.AAGM6ZT7KWZPM6PB2SGKHQXBOKBQ&mons_sel_mkid=AM7DNVYQULIQ5&mons_sel_dir_paid=amzn1.pa.d.AD22IMGNVW75O5DEQL7XQD5GE2IQ' succeeded after 5 retry attempt(s).
2025-02-05 00:57:52,336 INFO URL 'https://sellercentral.amazon.co.uk/snowdash?mons_sel_dir_mcid=amzn1.merchant.d.ABAGSE257XXGHHPASZJFM6ZDXZKQ&mons_sel_mkid=AM7DNVYQULIQ5&mons_sel_dir_paid=amzn1.pa.d.AAPLDP4NSRGKMPKH5MHZNMPVG4BA' succeeded after 5 retry attempt(s).
2025-02-05 00:57:52,605 INFO URL 'https://sellercentral.amazon.co.uk/snowdash?mons_sel_dir_mcid=amzn1.merchant.d.ACKWQ7TAVXAO454S4RZLXIHGWTSQ&mons_sel_mkid=AM7DNVYQULIQ5&mons_sel_dir_paid=amzn1.pa.d.ABGU24FMKZBSOVQIRPOYCXKXHQAA&ignore_selection_changed=true' succeeded after 5 retry attempt(s).
2025-02-05 00:57:52,670 INFO Retry round 1 for 7 URLs.
2025-02-05 00:58:00,083 INFO URL 'https://sellercentral.amazon.co.uk/snowdash?ref_=mp_home_logo_xx&cor=mmp_EU&mons_sel_dir_mcid=amzn1.merchant.d.GY2CULAKYRRYXZKBFUAORHMLXU&mons_sel_mkid=AM7DNVYQULIQ5' succeeded after 1 retry attempt(s).
2025-02-05 00:58:00,244 INFO URL 'https://sellercentral.amazon.co.uk/snowdash?ref_=mp_home_logo_xx&cor=mmp_EU&mons_sel_dir_mcid=amzn1.merchant.d.ABULHJ2XSWD7MG2PVZV5S3QEZKTA&mons_sel_mkid=AM7DNVYQULIQ5' succeeded after 2 retry attempt(s).
2025-02-05 00:58:00,298 INFO URL 'https://sellercentral.amazon.co.uk/snowdash?ref_=mp_home_logo_xx&cor=mmp_EU&mons_sel_dir_mcid=amzn1.merchant.d.ABULHJ2XSWD7MG2PVZV5S3QEZKTA&mons_sel_mkid=AM7DNVYQULIQ5' succeeded after 2 retry attempt(s).
2025-02-05 00:58:00,621 INFO URL 'https://sellercentral.amazon.co.uk/snowdash?mons_sel_dir_mcid=amzn1.merchant.d.ADCTYK7ZDZ3AJG55TWLDKHVPEU7Q&mons_sel_mkid=AM7DNVYQULIQ5&mons_sel_dir_paid=amzn1.pa.d.AC5SCORDKVABET36OI32HPSR7K3A&ignore_selection_changed=true' succeeded after 1 retry attempt(s).
2025-02-05 00:58:00,732 INFO URL 'https://sellercentral.amazon.co.uk/snowdash?ref_=mp_home_logo_xx&cor=mmp_EU&mons_sel_dir_mcid=amzn1.merchant.d.MC2LXJGUNKF2QYKQUG2LPP5XI4&mons_sel_mkid=AM7DNVYQULIQ5' succeeded after 1 retry attempt(s).
2025-02-05 00:58:01,004 INFO URL 'https://sellercentral.amazon.co.uk/snowdash?mons_sel_dir_mcid=amzn1.merchant.d.ADTPODAQGQ7FA76RFGS52P5FNNGQ&mons_sel_mkid=AM7DNVYQULIQ5&mons_sel_dir_paid=amzn1.pa.d.ABGCCFSPBFVHWNGJ6RKWEPOEPFXA' succeeded after 1 retry attempt(s).
2025-02-05 00:58:01,135 INFO URL 'https://sellercentral.amazon.co.uk/snowdash?mons_sel_dir_mcid=amzn1.merchant.d.ADYEE4IAXYQ33LKAYBKBQYKGU6WA&mons_sel_mkid=AM7DNVYQULIQ5&mons_sel_dir_paid=amzn1.pa.d.ACFGJB3LY3FK6XHUUEQZEQCT7BVA' succeeded after 2 retry attempt(s).
2025-02-05 00:58:01,167 INFO Concurrency adjustment task canceled.
2025-02-05 00:58:01,168 INFO URL Processing Summary:
2025-02-05 00:58:01,170 INFO Total Time: 108.00s
2025-02-05 00:58:01,171 INFO Stores Processed: 94
2025-02-05 00:58:01,172 INFO Retries: 507
2025-02-05 00:58:01,173 INFO Failed Submissions: 19
2025-02-05 00:58:01,174 INFO Avg URL Time: 7.70s
2025-02-05 00:58:01,192 INFO PDF report generated at output/Daily_Report_2025-02-05_00-58-01.pdf
2025-02-05 00:58:02,810 INFO 00:58 Morrisons - Stirling submitted (Orders 90, Units 2524, Fulfilled 2496, UPH 91, INF 3.0 %%, Found 97.0 %%, Cancelled 1, Lates 0 %%, Time available: 34:16)
2025-02-05 00:58:02,907 INFO 00:58 Morrisons - Bishop Auckland submitted (Orders 29, Units 832, Fulfilled 821, UPH 84, INF 2.2 %%, Found 97.8 %%, Cancelled 4, Lates 0 %%, Time available: 11:27)
2025-02-05 00:58:03,175 INFO 00:58 Morrisons - Byker submitted (Orders 288, Units 7434, Fulfilled 7258, UPH 81, INF 4.3 %%, Found 95.7 %%, Cancelled 15, Lates 8.7 %%, Time available: 109:39)
2025-02-05 00:58:03,696 INFO 00:58 Morrisons - Nelson submitted (Orders 30, Units 776, Fulfilled 769, UPH 84, INF 2.1 %%, Found 97.9 %%, Cancelled 1, Lates 11.5 %%, Time available: 13:09)
2025-02-05 00:58:03,910 INFO 00:58 Morrisons - Reddish submitted (Orders 205, Units 5291, Fulfilled 5185, UPH 83, INF 2.9 %%, Found 97.1 %%, Cancelled 3, Lates 2.1 %%, Time available: 75:11)
2025-02-05 00:58:04,097 INFO 00:58 Morrisons - Stoke submitted (Orders 168, Units 4560, Fulfilled 4500, UPH 84, INF 3.2 %%, Found 96.8 %%, Cancelled 2, Lates 0 %%, Time available: 65:26)
2025-02-05 00:58:04,419 INFO 00:58 Morrisons - Winsford submitted (Orders 81, Units 2222, Fulfilled 2211, UPH 94, INF 1.7 %%, Found 98.3 %%, Cancelled 2, Lates 0 %%, Time available: 38:30)
2025-02-05 00:58:04,669 INFO 00:58 Morrisons - Belle Vale submitted (Orders 217, Units 6045, Fulfilled 5937, UPH 94, INF 4.2 %%, Found 95.8 %%, Cancelled 4, Lates 2.1 %%, Time available: 82:53)
2025-02-05 00:58:04,859 INFO 00:58 Morrisons - Connahs Quay submitted (Orders 130, Units 3736, Fulfilled 3651, UPH 76, INF 4.5 %%, Found 95.5 %%, Cancelled 2, Lates 3.1 %%, Time available: 56:53)
2025-02-05 00:58:05,102 INFO 00:58 Morrisons - Rhyl submitted (Orders 18, Units 415, Fulfilled 414, UPH 86, INF 3.1 %%, Found 96.9 %%, Cancelled 2, Lates 0 %%, Time available: 08:20)
2025-02-05 00:58:05,349 INFO 00:58 Morrisons - Thornton-Cleveleys submitted (Orders 95, Units 2792, Fulfilled 2742, UPH 76, INF 3.0 %%, Found 97.0 %%, Cancelled 3, Lates 5.5 %%, Time available: 38:48)
2025-02-05 00:58:05,585 INFO 00:58 Morrisons - St. Helens submitted (Orders 238, Units 6517, Fulfilled 6345, UPH 69, INF 4.9 %%, Found 95.1 %%, Cancelled 4, Lates 5.4 %%, Time available: 111:10)
2025-02-05 00:58:05,841 INFO 00:58 Morrisons - Wellington submitted (Orders 41, Units 1071, Fulfilled 1069, UPH 113, INF 0.8 %%, Found 99.2 %%, Cancelled 2, Lates 0 %%, Time available: 11:31)
2025-02-05 00:58:06,099 INFO 00:58 Morrisons - Wrexham submitted (Orders 32, Units 796, Fulfilled 790, UPH 87, INF 2.1 %%, Found 97.9 %%, Cancelled 2, Lates 0 %%, Time available: 11:27)
2025-02-05 00:58:06,343 INFO 00:58 Morrisons - Halifax submitted (Orders 146, Units 4076, Fulfilled 4029, UPH 86, INF 2.2 %%, Found 97.8 %%, Cancelled 5, Lates 0 %%, Time available: 65:32)
2025-02-05 00:58:06,586 INFO 00:58 Morrisons - Hunslet submitted (Orders 264, Units 6658, Fulfilled 6433, UPH 77, INF 4.7 %%, Found 95.3 %%, Cancelled 10, Lates 1.3 %%, Time available: 112:45)
2025-02-05 00:58:06,873 INFO 00:58 Morrisons - Thornbury submitted (Orders 63, Units 1668, Fulfilled 1591, UPH 80, INF 6.8 %%, Found 93.2 %%, Cancelled 4, Lates 0 %%, Time available: 27:40)
2025-02-05 00:58:07,002 INFO 00:58 Morrisons - Sheffield submitted (Orders 347, Units 8956, Fulfilled 8851, UPH 74, INF 2.7 %%, Found 97.3 %%, Cancelled 7, Lates 2.8 %%, Time available: 139:59)
2025-02-05 00:58:07,363 INFO 00:58 Morrisons - Staveley submitted (Orders 106, Units 2961, Fulfilled 2934, UPH 89, INF 2.0 %%, Found 98.0 %%, Cancelled 3, Lates 6.3 %%, Time available: 42:08)
2025-02-05 00:58:07,476 INFO 00:58 Morrisons - York submitted (Orders 68, Units 2163, Fulfilled 2122, UPH 85, INF 3.7 %%, Found 96.3 %%, Cancelled 3, Lates 0 %%, Time available: 30:13)
2025-02-05 00:58:07,627 INFO 00:58 Morrisons - Hull submitted (Orders 128, Units 3672, Fulfilled 3653, UPH 109, INF 1.4 %%, Found 98.6 %%, Cancelled 4, Lates 0 %%, Time available: 37:53)
2025-02-05 00:58:08,040 INFO 00:58 Morrisons - Cleethorpes submitted (Orders 34, Units 831, Fulfilled 828, UPH 111, INF 0.5 %%, Found 99.5 %%, Cancelled 0, Lates 0 %%, Time available: 11:03)
2025-02-05 00:58:08,123 INFO 00:58 Morrisons - Newark submitted (Orders 27, Units 722, Fulfilled 703, UPH 86, INF 4.7 %%, Found 95.3 %%, Cancelled 1, Lates 0 %%, Time available: 10:56)
2025-02-05 00:58:08,181 INFO 00:58 Morrisons - Lincoln submitted (Orders 30, Units 718, Fulfilled 711, UPH 105, INF 1.4 %%, Found 98.6 %%, Cancelled 1, Lates 0 %%, Time available: 21:38)
2025-02-05 00:58:08,557 INFO 00:58 Morrisons - Binley submitted (Orders 208, Units 6316, Fulfilled 6237, UPH 80, INF 1.9 %%, Found 98.1 %%, Cancelled 10, Lates 4.5 %%, Time available: 85:10)
2025-02-05 00:58:08,639 INFO 00:58 Morrisons - Bulwell submitted (Orders 224, Units 6181, Fulfilled 6129, UPH 94, INF 2.0 %%, Found 98.0 %%, Cancelled 4, Lates 0 %%, Time available: 70:06)
2025-02-05 00:58:08,673 INFO 00:58 Morrisons - Derby submitted (Orders 146, Units 4853, Fulfilled 4717, UPH 90, INF 3.6 %%, Found 96.4 %%, Cancelled 6, Lates 6.4 %%, Time available: 69:45)
2025-02-05 00:58:09,294 INFO 00:58 Morrisons - Coalville submitted (Orders 70, Units 1996, Fulfilled 1981, UPH 97, INF 1.7 %%, Found 98.3 %%, Cancelled 4, Lates 0 %%, Time available: 31:32)
2025-02-05 00:58:09,407 INFO 00:58 Morrisons - Bromsgrove submitted (Orders 165, Units 4720, Fulfilled 4684, UPH 87, INF 1.5 %%, Found 98.5 %%, Cancelled 6, Lates 0 %%, Time available: 64:31)
2025-02-05 00:58:09,449 INFO 00:58 Morrisons - Leicester submitted (Orders 121, Units 3245, Fulfilled 3187, UPH 79, INF 3.5 %%, Found 96.5 %%, Cancelled 3, Lates 0 %%, Time available: 52:01)
2025-02-05 00:58:09,593 INFO 00:58 Morrisons - Bristol submitted (Orders 173, Units 5036, Fulfilled 4991, UPH 83, INF 2.1 %%, Found 97.9 %%, Cancelled 9, Lates 0 %%, Time available: 70:03)
2025-02-05 00:58:09,998 INFO 00:58 Morrisons - Ebbw Vale submitted (Orders 32, Units 889, Fulfilled 871, UPH 111, INF 2.1 %%, Found 97.9 %%, Cancelled 3, Lates 0 %%, Time available: 10:45)
2025-02-05 00:58:10,124 INFO 00:58 Morrisons - Gloucester submitted (Orders 108, Units 2929, Fulfilled 2883, UPH 87, INF 3.3 %%, Found 96.7 %%, Cancelled 2, Lates 0 %%, Time available: 37:01)
2025-02-05 00:58:10,208 INFO 00:58 Morrisons - Sheldon submitted (Orders 174, Units 4573, Fulfilled 4465, UPH 69, INF 3.2 %%, Found 96.8 %%, Cancelled 7, Lates 1.5 %%, Time available: 86:34)
2025-02-05 00:58:10,347 INFO 00:58 Morrisons - Walsall submitted (Orders 255, Units 7328, Fulfilled 7156, UPH 76, INF 3.7 %%, Found 96.3 %%, Cancelled 7, Lates 0 %%, Time available: 115:46)
2025-02-05 00:58:10,737 INFO 00:58 Morrisons - Baglan Moor submitted (Orders 226, Units 6611, Fulfilled 6550, UPH 85, INF 2.2 %%, Found 97.8 %%, Cancelled 4, Lates 0 %%, Time available: 81:36)
2025-02-05 00:58:10,824 INFO 00:58 Morrisons - Newport submitted (Orders 29, Units 732, Fulfilled 719, UPH 92, INF 2.6 %%, Found 97.4 %%, Cancelled 0, Lates 0 %%, Time available: 11:27)
2025-02-05 00:58:10,956 INFO 00:58 Morrisons - Chippenham submitted (Orders 29, Units 711, Fulfilled 709, UPH 95, INF 1.5 %%, Found 98.5 %%, Cancelled 0, Lates 0 %%, Time available: 09:19)
2025-02-05 00:58:11,029 INFO 00:58 Morrisons - Banbury submitted (Orders 39, Units 1214, Fulfilled 1196, UPH 94, INF 2.3 %%, Found 97.7 %%, Cancelled 1, Lates 2.3 %%, Time available: 15:11)
2025-02-05 00:58:11,390 INFO 00:58 Morrisons - Basingstoke submitted (Orders 64, Units 1614, Fulfilled 1558, UPH 81, INF 5.7 %%, Found 94.3 %%, Cancelled 1, Lates 0 %%, Time available: 22:58)
2025-02-05 00:58:11,538 INFO 00:58 Morrisons - Cardiff submitted (Orders 174, Units 4723, Fulfilled 4650, UPH 77, INF 3.7 %%, Found 96.3 %%, Cancelled 4, Lates 0 %%, Time available: 85:38)
2025-02-05 00:58:11,665 INFO 00:58 Morrisons - Cambourne submitted (Orders 125, Units 3601, Fulfilled 3569, UPH 87, INF 1.8 %%, Found 98.2 %%, Cancelled 0, Lates 0 %%, Time available: 50:52)
2025-02-05 00:58:11,811 INFO 00:58 Morrisons - Bedford submitted (Orders 58, Units 1913, Fulfilled 1879, UPH 89, INF 3.6 %%, Found 96.4 %%, Cancelled 1, Lates 12.4 %%, Time available: 25:06)
2025-02-05 00:58:12,113 INFO 00:58 Morrisons - High Wycombe submitted (Orders 85, Units 2308, Fulfilled 2300, UPH 99, INF 1.3 %%, Found 98.7 %%, Cancelled 4, Lates 1.7 %%, Time available: 28:13)
2025-02-05 00:58:12,289 INFO 00:58 Morrisons - Corby submitted (Orders 41, Units 988, Fulfilled 985, UPH 75, INF 1.1 %%, Found 98.9 %%, Cancelled 1, Lates 0 %%, Time available: 15:54)
2025-02-05 00:58:12,576 INFO 00:58 Morrisons - Milton Keynes submitted (Orders 186, Units 5113, Fulfilled 5054, UPH 83, INF 2.5 %%, Found 97.5 %%, Cancelled 4, Lates 0.9 %%, Time available: 80:00)
2025-02-05 00:58:12,824 INFO 00:58 Morrisons - Reading submitted (Orders 87, Units 2503, Fulfilled 2430, UPH 67, INF 5.9 %%, Found 94.1 %%, Cancelled 3, Lates 2.8 %%, Time available: 44:23)
2025-02-05 00:58:13,027 INFO 00:58 Morrisons - Northampton submitted (Orders 181, Units 4416, Fulfilled 4358, UPH 72, INF 2.5 %%, Found 97.5 %%, Cancelled 5, Lates 0 %%, Time available: 76:32)
2025-02-05 00:58:13,064 INFO 00:58 Morrisons - Watford submitted (Orders 132, Units 3796, Fulfilled 3682, UPH 81, INF 3.9 %%, Found 96.1 %%, Cancelled 3, Lates 3.7 %%, Time available: 52:57)
2025-02-05 00:58:13,093 INFO 00:58 Morrisons - Swindon submitted (Orders 87, Units 1842, Fulfilled 1815, UPH 81, INF 4.1 %%, Found 95.9 %%, Cancelled 3, Lates 0 %%, Time available: 25:26)
2025-02-05 00:58:13,304 INFO 00:58 Morrisons - Peterborough submitted (Orders 97, Units 2735, Fulfilled 2704, UPH 96, INF 2.2 %%, Found 97.8 %%, Cancelled 2, Lates 2.1 %%, Time available: 36:57)
2025-02-05 00:58:13,553 INFO 00:58 Morrisons - Welwyn Garden City submitted (Orders 191, Units 4928, Fulfilled 4794, UPH 84, INF 4.5 %%, Found 95.5 %%, Cancelled 3, Lates 0 %%, Time available: 67:23)
2025-02-05 00:58:13,596 INFO 00:58 Morrisons - Weybridge submitted (Orders 139, Units 3724, Fulfilled 3629, UPH 85, INF 3.2 %%, Found 96.8 %%, Cancelled 2, Lates 0.9 %%, Time available: 58:56)
2025-02-05 00:58:13,772 INFO 00:58 Morrisons - Woking submitted (Orders 232, Units 6676, Fulfilled 6569, UPH 82, INF 2.8 %%, Found 97.2 %%, Cancelled 7, Lates 0 %%, Time available: 96:06)
2025-02-05 00:58:14,049 INFO 00:58 Morrisons - Wisbech submitted (Orders 28, Units 828, Fulfilled 822, UPH 120, INF 0.8 %%, Found 99.2 %%, Cancelled 0, Lates 0 %%, Time available: 07:55)
2025-02-05 00:58:14,201 INFO 00:58 Morrisons - Canvey Island submitted (Orders 153, Units 4286, Fulfilled 4233, UPH 106, INF 1.7 %%, Found 98.3 %%, Cancelled 2, Lates 0 %%, Time available: 49:37)
2025-02-05 00:58:14,317 INFO 00:58 Morrisons - Norwich submitted (Orders 89, Units 2707, Fulfilled 2645, UPH 95, INF 4.4 %%, Found 95.6 %%, Cancelled 4, Lates 0 %%, Time available: 30:54)
2025-02-05 00:58:14,481 INFO 00:58 Morrisons - Acton submitted (Orders 201, Units 5276, Fulfilled 4915, UPH 83, INF 7.8 %%, Found 92.2 %%, Cancelled 10, Lates 17.8 %%, Time available: 83:38)
2025-02-05 00:58:14,692 INFO 00:58 Morrisons - Gorleston submitted (Orders 3, Units 58, Fulfilled 58, UPH 70, INF 1.7 %%, Found 98.3 %%, Cancelled 0, Lates 0 %%, Time available: 03:09)
2025-02-05 00:58:14,985 INFO 00:58 Morrisons - Witham submitted (Orders 69, Units 1824, Fulfilled 1793, UPH 107, INF 4.2 %%, Found 95.8 %%, Cancelled 3, Lates 0 %%, Time available: 20:18)
2025-02-05 00:58:15,110 INFO 00:58 Morrisons - Ipswich submitted (Orders 56, Units 1674, Fulfilled 1657, UPH 84, INF 1.7 %%, Found 98.3 %%, Cancelled 2, Lates 8.3 %%, Time available: 23:19)
2025-02-05 00:58:15,281 INFO 00:58 Morrisons - Canning Town submitted (Orders 99, Units 2486, Fulfilled 2352, UPH 85, INF 7.2 %%, Found 92.8 %%, Cancelled 2, Lates 1.7 %%, Time available: 40:26)
2025-02-05 00:58:15,534 INFO 00:58 Morrisons - Becontree Heath submitted (Orders 86, Units 2194, Fulfilled 2170, UPH 95, INF 1.9 %%, Found 98.1 %%, Cancelled 4, Lates 0 %%, Time available: 27:29)
2025-02-05 00:58:15,809 INFO 00:58 Morrisons - Chingford submitted (Orders 210, Units 5216, Fulfilled 5108, UPH 76, INF 3.7 %%, Found 96.3 %%, Cancelled 3, Lates 0.6 %%, Time available: 95:59)
2025-02-05 00:58:15,896 INFO 00:58 Morrisons - Croydon submitted (Orders 227, Units 5534, Fulfilled 5420, UPH 73, INF 3.8 %%, Found 96.2 %%, Cancelled 4, Lates 0 %%, Time available: 110:24)
2025-02-05 00:58:15,978 INFO 00:58 Morrisons - Harrow submitted (Orders 93, Units 2580, Fulfilled 2529, UPH 84, INF 2.6 %%, Found 97.4 %%, Cancelled 2, Lates 21.0 %%, Time available: 36:23)
2025-02-05 00:58:16,358 INFO 00:58 Morrisons - Peckham submitted (Orders 147, Units 3768, Fulfilled 3638, UPH 72, INF 4.9 %%, Found 95.1 %%, Cancelled 3, Lates 0 %%, Time available: 61:29)
2025-02-05 00:58:16,430 INFO 00:58 Morrisons - Stratford submitted (Orders 183, Units 4538, Fulfilled 4425, UPH 59, INF 4.2 %%, Found 95.8 %%, Cancelled 1, Lates 0.6 %%, Time available: 87:38)
2025-02-05 00:58:16,500 INFO 00:58 Morrisons - Queensbury submitted (Orders 168, Units 4405, Fulfilled 4267, UPH 73, INF 4.5 %%, Found 95.5 %%, Cancelled 4, Lates 2.8 %%, Time available: 70:38)
2025-02-05 00:58:16,661 INFO 00:58 Morrisons - Welling submitted (Orders 151, Units 4326, Fulfilled 4253, UPH 86, INF 3.3 %%, Found 96.7 %%, Cancelled 3, Lates 0 %%, Time available: 55:34)
2025-02-05 00:58:16,944 INFO 00:58 Morrisons - Canterbury submitted (Orders 40, Units 935, Fulfilled 926, UPH 93, INF 2.1 %%, Found 97.9 %%, Cancelled 2, Lates 0 %%, Time available: 16:09)
2025-02-05 00:58:17,049 INFO 00:58 Morrisons - Oxted submitted (Orders 38, Units 1136, Fulfilled 1087, UPH 74, INF 6.5 %%, Found 93.5 %%, Cancelled 8, Lates 7.6 %%, Time available: 15:57)
2025-02-05 00:58:17,239 INFO 00:58 Morrisons - Eastbourne submitted (Orders 69, Units 2005, Fulfilled 1981, UPH 84, INF 1.8 %%, Found 98.2 %%, Cancelled 3, Lates 0 %%, Time available: 27:26)
2025-02-05 00:58:17,455 INFO 00:58 Morrisons - Maidstone submitted (Orders 34, Units 827, Fulfilled 807, UPH 107, INF 2.5 %%, Found 97.5 %%, Cancelled 1, Lates 0 %%, Time available: 10:49)
2025-02-05 00:58:17,645 INFO 00:58 Morrisons - Gravesend submitted (Orders 218, Units 6065, Fulfilled 5934, UPH 82, INF 4.7 %%, Found 95.3 %%, Cancelled 2, Lates 0 %%, Time available: 91:56)
2025-02-05 00:58:17,740 INFO 00:58 Morrisons - Portsmouth submitted (Orders 311, Units 7845, Fulfilled 7814, UPH 84, INF 1.3 %%, Found 98.7 %%, Cancelled 7, Lates 0 %%, Time available: 117:06)
2025-02-05 00:58:18,174 INFO 00:58 Morrisons - Worthing submitted (Orders 121, Units 3095, Fulfilled 3064, UPH 86, INF 1.6 %%, Found 98.4 %%, Cancelled 4, Lates 0 %%, Time available: 40:06)
2025-02-05 00:58:18,226 INFO 00:58 Morrisons - Exeter submitted (Orders 35, Units 1095, Fulfilled 1080, UPH 82, INF 2.6 %%, Found 97.4 %%, Cancelled 1, Lates 0 %%, Time available: 15:44)
2025-02-05 00:58:18,328 INFO 00:58 Morrisons - Taunton submitted (Orders 28, Units 586, Fulfilled 584, UPH 104, INF 0.5 %%, Found 99.5 %%, Cancelled 1, Lates 0 %%, Time available: 06:52)
2025-02-05 00:58:18,498 INFO 00:58 Morrisons - Redruth submitted (Orders 18, Units 476, Fulfilled 461, UPH 71, INF 8.4 %%, Found 91.6 %%, Cancelled 3, Lates 0 %%, Time available: 09:47)
2025-02-05 00:58:18,704 INFO 00:58 Morrisons - Totnes submitted (Orders 32, Units 640, Fulfilled 633, UPH 82, INF 4.4 %%, Found 95.6 %%, Cancelled 1, Lates 0 %%, Time available: 10:06)
2025-02-05 00:58:18,882 INFO 00:58 Morrisons - Plymouth submitted (Orders 110, Units 3347, Fulfilled 3251, UPH 76, INF 6.9 %%, Found 93.1 %%, Cancelled 1, Lates 0.8 %%, Time available: 51:05)
2025-02-05 00:58:19,236 INFO 00:58 Morrisons - Verwood submitted (Orders 28, Units 638, Fulfilled 620, UPH 134, INF 5.2 %%, Found 94.8 %%, Cancelled 1, Lates 0 %%, Time available: 05:54)
2025-02-05 00:58:19,275 INFO 00:58 Morrisons - Warminster submitted (Orders 21, Units 511, Fulfilled 484, UPH 88, INF 5.9 %%, Found 94.1 %%, Cancelled 1, Lates 0 %%, Time available: 07:16)
2025-02-05 00:58:19,464 INFO 00:58 Morrisons - Totton submitted (Orders 51, Units 1172, Fulfilled 1134, UPH 84, INF 4.5 %%, Found 95.5 %%, Cancelled 1, Lates 0 %%, Time available: 16:32)
2025-02-05 00:58:19,660 INFO 00:58 Morrisons - Weston Super Mare submitted (Orders 48, Units 1459, Fulfilled 1446, UPH 91, INF 1.8 %%, Found 98.2 %%, Cancelled 1, Lates 0 %%, Time available: 23:33)
2025-02-05 00:58:19,902 INFO 00:58 Morrisons - Oxford submitted (Orders 31, Units 793, Fulfilled 767, UPH 86, INF 5.4 %%, Found 94.6 %%, Cancelled 1, Lates 0 %%, Time available: 12:35)
2025-02-05 00:58:20,160 INFO 00:58 Morrisons - Cardonald submitted (Orders 234, Units 5959, Fulfilled 5843, UPH 79, INF 3.0 %%, Found 97.0 %%, Cancelled 6, Lates 0.6 %%, Time available: 92:22)
2025-02-05 00:58:20,387 INFO 00:58 Morrisons - Aberdeen submitted (Orders 57, Units 1515, Fulfilled 1481, UPH 79, INF 4.8 %%, Found 95.2 %%, Cancelled 1, Lates 0 %%, Time available: 24:02)
2025-02-05 00:58:20,615 INFO 00:58 Morrisons - Aberdeen submitted (Orders 57, Units 1515, Fulfilled 1481, UPH 79, INF 4.8 %%, Found 95.2 %%, Cancelled 1, Lates 0 %%, Time available: 24:02)
2025-02-05 00:58:20,645 INFO 00:58 Morrisons - Jarrow submitted (Orders 192, Units 4802, Fulfilled 4715, UPH 71, INF 4.3 %%, Found 95.7 %%, Cancelled 2, Lates 0.6 %%, Time available: 79:07)
2025-02-05 00:58:20,876 INFO 00:58 Morrisons - Gyle submitted (Orders 259, Units 7153, Fulfilled 6935, UPH 83, INF 5.5 %%, Found 94.5 %%, Cancelled 5, Lates 0.5 %%, Time available: 97:11)
2025-02-05 00:58:21,086 INFO 00:58 Morrisons - Stevenston submitted (Orders 53, Units 1562, Fulfilled 1516, UPH 108, INF 4.6 %%, Found 95.4 %%, Cancelled 5, Lates 0 %%, Time available: 16:55)
2025-02-05 00:58:21,127 INFO 00:58 Morrisons - Boroughbridge submitted (Orders 30, Units 877, Fulfilled 844, UPH 69, INF 10.4 %%, Found 89.6 %%, Cancelled 2, Lates 3.8 %%, Time available: 13:31)
2025-02-05 00:58:21,558 INFO Form Submission Summary:
2025-02-05 00:58:21,559 INFO Total Time Taken: 128.39 sec
2025-02-05 00:58:21,560 INFO Total Successful Submissions: 302
2025-02-05 00:58:21,561 INFO Total Form Errors: 12
2025-02-05 00:58:21,562 INFO Average Form Filling Time: 15.41 sec
2025-02-05 00:58:25,664 INFO Scheduled job 'process_urls' completed.
